<?xml version="1.0" encoding="UTF-8"?>
<!-- Generated by org.testng.reporters.JUnitReportReporter -->
<testsuite hostname="DESKTOP-3NRNP42" failures="0" tests="8" name="com.TestLayer.HomePageTest" time="11.745" errors="0" timestamp="24 Apr 2022 14:24:19 GMT">
  <testcase classname="com.TestLayer.HomePageTest" name="validateTitle" time="0.018"/>
  <testcase classname="com.TestLayer.HomePageTest" name="validateMyInfoPage" time="1.527"/>
  <testcase classname="com.TestLayer.HomePageTest" name="validateLogin" time="3.466"/>
  <testcase classname="com.TestLayer.HomePageTest" name="validateLogo" time="0.061"/>
  <testcase classname="com.TestLayer.HomePageTest" name="validateleavePage" time="1.966"/>
  <testcase classname="com.TestLayer.HomePageTest" name="validatePimPage" time="1.555"/>
  <testcase classname="com.TestLayer.HomePageTest" name="validateUrl" time="1.176"/>
  <testcase classname="com.TestLayer.HomePageTest" name="validateAdminPage" time="1.976"/>
</testsuite> <!-- com.TestLayer.HomePageTest -->
